[0.006s] Invoking command in '/home/cful/Desktop/zkhl_play_phone/build/base_interfaces_demo': CMAKE_PREFIX_PATH=${CMAKE_PREFIX_PATH}:/home/cful/Desktop/zkhl_play_phone/install/play_phone:/home/cful/Desktop/ros2_learn_ws/install/py_topic:/opt/ros/humble CONDA_PROMPT_MODIFIER=(base) /usr/bin/cmake /home/cful/Desktop/zkhl_play_phone/src/base_interfaces_demo -DCMAKE_INSTALL_PREFIX=/home/cful/Desktop/zkhl_play_phone/install/base_interfaces_demo
[0.017s] -- Found ament_cmake: 1.3.10 (/opt/ros/humble/share/ament_cmake/cmake)
[0.085s] -- Found rosidl_default_generators: 1.2.0 (/opt/ros/humble/share/rosidl_default_generators/cmake)
[0.086s] -- Using all available rosidl_typesupport_c: rosidl_typesupport_fastrtps_c;rosidl_typesupport_introspection_c
[0.087s] -- Found rosidl_adapter: 3.1.5 (/opt/ros/humble/share/rosidl_adapter/cmake)
[0.101s] -- Using all available rosidl_typesupport_cpp: rosidl_typesupport_fastrtps_cpp;rosidl_typesupport_introspection_cpp
[0.248s] -- Found ament_cmake_ros: 0.10.0 (/opt/ros/humble/share/ament_cmake_ros/cmake)
[0.343s] -- Using all available rosidl_typesupport_c: rosidl_typesupport_fastrtps_c;rosidl_typesupport_introspection_c
[0.474s] -- Using all available rosidl_typesupport_cpp: rosidl_typesupport_fastrtps_cpp;rosidl_typesupport_introspection_cpp
[0.485s] -- Found python_cmake_module: 0.10.0 (/opt/ros/humble/share/python_cmake_module/cmake)
[0.502s] -- Using PYTHON_EXECUTABLE: /home/cful/miniconda3/bin/python3
[0.502s] -- Using PYTHON_INCLUDE_DIRS: /home/cful/miniconda3/include/python3.10
[0.502s] -- Using PYTHON_LIBRARIES: /home/cful/miniconda3/lib/libpython3.10.so
[0.571s] -- Using numpy include directory: /home/cful/miniconda3/lib/python3.10/site-packages/numpy/_core/include
[0.574s] -- Found ament_lint_auto: 0.12.11 (/opt/ros/humble/share/ament_lint_auto/cmake)
[0.587s] -- Added test 'lint_cmake' to check CMake code style
[0.587s] -- Added test 'xmllint' to check XML markup files
[0.589s] -- Configuring done
[0.603s] -- Generating done
[0.604s] -- Build files have been written to: /home/cful/Desktop/zkhl_play_phone/build/base_interfaces_demo
[0.607s] Invoked command in '/home/cful/Desktop/zkhl_play_phone/build/base_interfaces_demo' returned '0': CMAKE_PREFIX_PATH=${CMAKE_PREFIX_PATH}:/home/cful/Desktop/zkhl_play_phone/install/play_phone:/home/cful/Desktop/ros2_learn_ws/install/py_topic:/opt/ros/humble CONDA_PROMPT_MODIFIER=(base) /usr/bin/cmake /home/cful/Desktop/zkhl_play_phone/src/base_interfaces_demo -DCMAKE_INSTALL_PREFIX=/home/cful/Desktop/zkhl_play_phone/install/base_interfaces_demo
[0.608s] Invoking command in '/home/cful/Desktop/zkhl_play_phone/build/base_interfaces_demo': CMAKE_PREFIX_PATH=${CMAKE_PREFIX_PATH}:/home/cful/Desktop/zkhl_play_phone/install/play_phone:/home/cful/Desktop/ros2_learn_ws/install/py_topic:/opt/ros/humble CONDA_PROMPT_MODIFIER=(base) /usr/bin/cmake --build /home/cful/Desktop/zkhl_play_phone/build/base_interfaces_demo -- -j32 -l32
[0.638s] [  3%] [34m[1mGenerating C code for ROS interfaces[0m
[0.647s] [  6%] [34m[1mGenerating C++ code for ROS interfaces[0m
[0.654s] [  6%] Built target ament_cmake_python_copy_base_interfaces_demo
[0.663s] Traceback (most recent call last):
[0.663s]   File "/opt/ros/humble/share/rosidl_generator_c/cmake/../../../lib/rosidl_generator_c/rosidl_generator_c", line 8, in <module>
[0.663s]     from rosidl_generator_c import generate_c
[0.663s]   File "/opt/ros/humble/local/lib/python3.10/dist-packages/rosidl_generator_c/__init__.py", line 15, in <module>
[0.663s]     from rosidl_cmake import convert_camel_case_to_lower_case_underscore
[0.663s]   File "/opt/ros/humble/local/lib/python3.10/dist-packages/rosidl_cmake/__init__.py", line 24, in <module>
[0.663s]     from rosidl_parser.parser import parse_idl_file
[0.663s]   File "/opt/ros/humble/local/lib/python3.10/dist-packages/rosidl_parser/parser.py", line 20, in <module>
[0.663s]     from lark import Lark
[0.663s] ModuleNotFoundError: No module named 'lark'
[0.665s] gmake[2]: *** [CMakeFiles/base_interfaces_demo__rosidl_generator_c.dir/build.make:87：rosidl_generator_c/base_interfaces_demo/srv/addstring.h] 错误 1
[0.665s] gmake[1]: *** [CMakeFiles/Makefile2:212：CMakeFiles/base_interfaces_demo__rosidl_generator_c.dir/all] 错误 2
[0.665s] gmake[1]: *** 正在等待未完成的任务....
[0.672s] Traceback (most recent call last):
[0.672s]   File "/opt/ros/humble/share/rosidl_generator_cpp/cmake/../../../lib/rosidl_generator_cpp/rosidl_generator_cpp", line 8, in <module>
[0.672s]     from rosidl_generator_cpp import generate_cpp
[0.672s]   File "/opt/ros/humble/local/lib/python3.10/dist-packages/rosidl_generator_cpp/__init__.py", line 17, in <module>
[0.672s]     from rosidl_cmake import generate_files
[0.672s]   File "/opt/ros/humble/local/lib/python3.10/dist-packages/rosidl_cmake/__init__.py", line 24, in <module>
[0.672s]     from rosidl_parser.parser import parse_idl_file
[0.672s]   File "/opt/ros/humble/local/lib/python3.10/dist-packages/rosidl_parser/parser.py", line 20, in <module>
[0.672s]     from lark import Lark
[0.672s] ModuleNotFoundError: No module named 'lark'
[0.675s] gmake[2]: *** [CMakeFiles/base_interfaces_demo__cpp.dir/build.make:91：rosidl_generator_cpp/base_interfaces_demo/srv/addstring.hpp] 错误 1
[0.675s] gmake[1]: *** [CMakeFiles/Makefile2:317：CMakeFiles/base_interfaces_demo__cpp.dir/all] 错误 2
[0.742s] running egg_info
[0.742s] creating base_interfaces_demo.egg-info
[0.746s] writing base_interfaces_demo.egg-info/PKG-INFO
[0.746s] writing dependency_links to base_interfaces_demo.egg-info/dependency_links.txt
[0.746s] writing top-level names to base_interfaces_demo.egg-info/top_level.txt
[0.746s] writing manifest file 'base_interfaces_demo.egg-info/SOURCES.txt'
[0.759s] reading manifest file 'base_interfaces_demo.egg-info/SOURCES.txt'
[0.759s] writing manifest file 'base_interfaces_demo.egg-info/SOURCES.txt'
[0.775s] [  6%] Built target ament_cmake_python_build_base_interfaces_demo_egg
[0.776s] gmake: *** [Makefile:146：all] 错误 2
[0.777s] Invoked command in '/home/cful/Desktop/zkhl_play_phone/build/base_interfaces_demo' returned '2': CMAKE_PREFIX_PATH=${CMAKE_PREFIX_PATH}:/home/cful/Desktop/zkhl_play_phone/install/play_phone:/home/cful/Desktop/ros2_learn_ws/install/py_topic:/opt/ros/humble CONDA_PROMPT_MODIFIER=(base) /usr/bin/cmake --build /home/cful/Desktop/zkhl_play_phone/build/base_interfaces_demo -- -j32 -l32
