[0.007s] Invoking command in '/home/cful/Desktop/zkhl_play_phone/build/base_interfaces_demo': CMAKE_PREFIX_PATH=${CMAKE_PREFIX_PATH}:/home/cful/Desktop/zkhl_play_phone/install/play_phone:/home/cful/Desktop/ros2_learn_ws/install/py_topic:/opt/ros/humble CONDA_PROMPT_MODIFIER=(base) /usr/bin/cmake --build /home/cful/Desktop/zkhl_play_phone/build/base_interfaces_demo -- -j32 -l32
[0.042s] [  3%] [34m[1mGenerating C code for ROS interfaces[0m
[0.050s] [  6%] [34m[1mGenerating C++ code for ROS interfaces[0m
[0.058s] [  6%] Built target ament_cmake_python_copy_base_interfaces_demo
[0.147s] running egg_info
[0.151s] writing base_interfaces_demo.egg-info/PKG-INFO
[0.151s] writing dependency_links to base_interfaces_demo.egg-info/dependency_links.txt
[0.151s] writing top-level names to base_interfaces_demo.egg-info/top_level.txt
[0.165s] reading manifest file 'base_interfaces_demo.egg-info/SOURCES.txt'
[0.165s] writing manifest file 'base_interfaces_demo.egg-info/SOURCES.txt'
[0.182s] [  6%] Built target ament_cmake_python_build_base_interfaces_demo_egg
[0.183s] [  6%] Built target base_interfaces_demo__cpp
[0.185s] [  9%] [32mBuilding C object CMakeFiles/base_interfaces_demo__rosidl_generator_c.dir/rosidl_generator_c/base_interfaces_demo/srv/detail/addstring__functions.c.o[0m
[0.192s] [ 12%] [34m[1mGenerating C++ type support dispatch for ROS interfaces[0m
[0.192s] [ 16%] [34m[1mGenerating C++ type support for eProsima Fast-RTPS[0m
[0.193s] [ 19%] [34m[1mGenerating C++ introspection for ROS interfaces[0m
[0.218s] [ 22%] [32m[1mLinking C shared library libbase_interfaces_demo__rosidl_generator_c.so[0m
[0.247s] [ 22%] Built target base_interfaces_demo__rosidl_generator_c
[0.257s] [ 32%] [34m[1mGenerating C type support dispatch for ROS interfaces[0m
[0.257s] [ 32%] [34m[1mGenerating C introspection for ROS interfaces[0m
[0.258s] [ 32%] [34m[1mGenerating C type support for eProsima Fast-RTPS[0m
[0.312s] [ 35%] [32mBuilding CXX object CMakeFiles/base_interfaces_demo__rosidl_typesupport_cpp.dir/rosidl_typesupport_cpp/base_interfaces_demo/srv/addstring__type_support.cpp.o[0m
[0.321s] [ 38%] [32mBuilding CXX object CMakeFiles/base_interfaces_demo__rosidl_typesupport_introspection_cpp.dir/rosidl_typesupport_introspection_cpp/base_interfaces_demo/srv/detail/addstring__type_support.cpp.o[0m
[0.328s] [ 41%] [32mBuilding CXX object CMakeFiles/base_interfaces_demo__rosidl_typesupport_fastrtps_cpp.dir/rosidl_typesupport_fastrtps_cpp/base_interfaces_demo/srv/detail/dds_fastrtps/addstring__type_support.cpp.o[0m
[0.384s] [ 45%] [32mBuilding CXX object CMakeFiles/base_interfaces_demo__rosidl_typesupport_c.dir/rosidl_typesupport_c/base_interfaces_demo/srv/addstring__type_support.cpp.o[0m
[0.401s] [ 48%] [32mBuilding CXX object CMakeFiles/base_interfaces_demo__rosidl_typesupport_fastrtps_c.dir/rosidl_typesupport_fastrtps_c/base_interfaces_demo/srv/detail/addstring__type_support_c.cpp.o[0m
[0.411s] [ 51%] [32m[1mLinking CXX shared library libbase_interfaces_demo__rosidl_typesupport_c.so[0m
[0.414s] [ 54%] [32m[1mLinking CXX shared library libbase_interfaces_demo__rosidl_typesupport_cpp.so[0m
[0.420s] [ 58%] [32mBuilding C object CMakeFiles/base_interfaces_demo__rosidl_typesupport_introspection_c.dir/rosidl_typesupport_introspection_c/base_interfaces_demo/srv/detail/addstring__type_support.c.o[0m
[0.436s] [ 58%] Built target base_interfaces_demo__rosidl_typesupport_c
[0.440s] [ 58%] Built target base_interfaces_demo__rosidl_typesupport_cpp
[0.443s] [ 61%] [32m[1mLinking C shared library libbase_interfaces_demo__rosidl_typesupport_introspection_c.so[0m
[0.470s] [ 61%] Built target base_interfaces_demo__rosidl_typesupport_introspection_c
[0.481s] [ 64%] [32m[1mLinking CXX shared library libbase_interfaces_demo__rosidl_typesupport_introspection_cpp.so[0m
[0.502s] [ 67%] [32m[1mLinking CXX shared library libbase_interfaces_demo__rosidl_typesupport_fastrtps_cpp.so[0m
[0.517s] [ 67%] Built target base_interfaces_demo__rosidl_typesupport_introspection_cpp
[0.544s] [ 67%] Built target base_interfaces_demo__rosidl_typesupport_fastrtps_cpp
[0.549s] [ 70%] [32m[1mLinking CXX shared library libbase_interfaces_demo__rosidl_typesupport_fastrtps_c.so[0m
[0.593s] [ 70%] Built target base_interfaces_demo__rosidl_typesupport_fastrtps_c
[0.610s] [ 70%] Built target base_interfaces_demo
[0.630s] [ 74%] [34m[1mGenerating Python code for ROS interfaces[0m
[0.800s] [ 74%] Built target base_interfaces_demo__py
[0.819s] [ 77%] [32mBuilding C object CMakeFiles/base_interfaces_demo__rosidl_generator_py.dir/rosidl_generator_py/base_interfaces_demo/srv/_addstring_s.c.o[0m
[0.891s] [ 80%] [32m[1mLinking C shared library rosidl_generator_py/base_interfaces_demo/libbase_interfaces_demo__rosidl_generator_py.so[0m
[0.921s] [ 80%] Built target base_interfaces_demo__rosidl_generator_py
[0.940s] [ 83%] [32mBuilding C object CMakeFiles/base_interfaces_demo__rosidl_typesupport_fastrtps_c__pyext.dir/rosidl_generator_py/base_interfaces_demo/_base_interfaces_demo_s.ep.rosidl_typesupport_fastrtps_c.c.o[0m
[0.940s] [ 87%] [32mBuilding C object CMakeFiles/base_interfaces_demo__rosidl_typesupport_c__pyext.dir/rosidl_generator_py/base_interfaces_demo/_base_interfaces_demo_s.ep.rosidl_typesupport_c.c.o[0m
[0.940s] [ 90%] [32mBuilding C object CMakeFiles/base_interfaces_demo__rosidl_typesupport_introspection_c__pyext.dir/rosidl_generator_py/base_interfaces_demo/_base_interfaces_demo_s.ep.rosidl_typesupport_introspection_c.c.o[0m
[0.987s] [ 93%] [32m[1mLinking C shared library rosidl_generator_py/base_interfaces_demo/base_interfaces_demo_s__rosidl_typesupport_c.cpython-310-x86_64-linux-gnu.so[0m
[0.989s] [ 96%] [32m[1mLinking C shared library rosidl_generator_py/base_interfaces_demo/base_interfaces_demo_s__rosidl_typesupport_introspection_c.cpython-310-x86_64-linux-gnu.so[0m
[0.990s] [100%] [32m[1mLinking C shared library rosidl_generator_py/base_interfaces_demo/base_interfaces_demo_s__rosidl_typesupport_fastrtps_c.cpython-310-x86_64-linux-gnu.so[0m
[1.010s] [100%] Built target base_interfaces_demo__rosidl_typesupport_c__pyext
[1.015s] [100%] Built target base_interfaces_demo__rosidl_typesupport_introspection_c__pyext
[1.016s] [100%] Built target base_interfaces_demo__rosidl_typesupport_fastrtps_c__pyext
[1.023s] Invoked command in '/home/cful/Desktop/zkhl_play_phone/build/base_interfaces_demo' returned '0': CMAKE_PREFIX_PATH=${CMAKE_PREFIX_PATH}:/home/cful/Desktop/zkhl_play_phone/install/play_phone:/home/cful/Desktop/ros2_learn_ws/install/py_topic:/opt/ros/humble CONDA_PROMPT_MODIFIER=(base) /usr/bin/cmake --build /home/cful/Desktop/zkhl_play_phone/build/base_interfaces_demo -- -j32 -l32
[1.076s] Invoking command in '/home/cful/Desktop/zkhl_play_phone/build/base_interfaces_demo': CMAKE_PREFIX_PATH=${CMAKE_PREFIX_PATH}:/home/cful/Desktop/zkhl_play_phone/install/play_phone:/home/cful/Desktop/ros2_learn_ws/install/py_topic:/opt/ros/humble CONDA_PROMPT_MODIFIER=(base) /usr/bin/cmake --install /home/cful/Desktop/zkhl_play_phone/build/base_interfaces_demo
[1.081s] -- Install configuration: ""
[1.081s] -- Installing: /home/cful/Desktop/zkhl_play_phone/install/base_interfaces_demo/share/ament_index/resource_index/rosidl_interfaces/base_interfaces_demo
[1.081s] -- Installing: /home/cful/Desktop/zkhl_play_phone/install/base_interfaces_demo/include/base_interfaces_demo/base_interfaces_demo
[1.081s] -- Installing: /home/cful/Desktop/zkhl_play_phone/install/base_interfaces_demo/include/base_interfaces_demo/base_interfaces_demo/srv
[1.081s] -- Installing: /home/cful/Desktop/zkhl_play_phone/install/base_interfaces_demo/include/base_interfaces_demo/base_interfaces_demo/srv/addstring.h
[1.081s] -- Installing: /home/cful/Desktop/zkhl_play_phone/install/base_interfaces_demo/include/base_interfaces_demo/base_interfaces_demo/srv/detail
[1.081s] -- Installing: /home/cful/Desktop/zkhl_play_phone/install/base_interfaces_demo/include/base_interfaces_demo/base_interfaces_demo/srv/detail/addstring__functions.h
[1.081s] -- Installing: /home/cful/Desktop/zkhl_play_phone/install/base_interfaces_demo/include/base_interfaces_demo/base_interfaces_demo/srv/detail/addstring__struct.h
[1.081s] -- Installing: /home/cful/Desktop/zkhl_play_phone/install/base_interfaces_demo/include/base_interfaces_demo/base_interfaces_demo/srv/detail/addstring__type_support.h
[1.081s] -- Installing: /home/cful/Desktop/zkhl_play_phone/install/base_interfaces_demo/include/base_interfaces_demo/base_interfaces_demo/srv/detail/addstring__functions.c
[1.081s] -- Installing: /home/cful/Desktop/zkhl_play_phone/install/base_interfaces_demo/include/base_interfaces_demo/base_interfaces_demo/msg
[1.081s] -- Installing: /home/cful/Desktop/zkhl_play_phone/install/base_interfaces_demo/include/base_interfaces_demo/base_interfaces_demo/msg/rosidl_generator_c__visibility_control.h
[1.082s] -- Installing: /home/cful/Desktop/zkhl_play_phone/install/base_interfaces_demo/share/base_interfaces_demo/environment/library_path.sh
[1.082s] -- Installing: /home/cful/Desktop/zkhl_play_phone/install/base_interfaces_demo/share/base_interfaces_demo/environment/library_path.dsv
[1.082s] -- Installing: /home/cful/Desktop/zkhl_play_phone/install/base_interfaces_demo/lib/libbase_interfaces_demo__rosidl_generator_c.so
[1.082s] -- Set runtime path of "/home/cful/Desktop/zkhl_play_phone/install/base_interfaces_demo/lib/libbase_interfaces_demo__rosidl_generator_c.so" to ""
[1.082s] -- Up-to-date: /home/cful/Desktop/zkhl_play_phone/install/base_interfaces_demo/include/base_interfaces_demo/base_interfaces_demo
[1.082s] -- Up-to-date: /home/cful/Desktop/zkhl_play_phone/install/base_interfaces_demo/include/base_interfaces_demo/base_interfaces_demo/srv
[1.082s] -- Up-to-date: /home/cful/Desktop/zkhl_play_phone/install/base_interfaces_demo/include/base_interfaces_demo/base_interfaces_demo/srv/detail
[1.082s] -- Installing: /home/cful/Desktop/zkhl_play_phone/install/base_interfaces_demo/include/base_interfaces_demo/base_interfaces_demo/srv/detail/addstring__rosidl_typesupport_fastrtps_c.h
[1.082s] -- Up-to-date: /home/cful/Desktop/zkhl_play_phone/install/base_interfaces_demo/include/base_interfaces_demo/base_interfaces_demo/msg
[1.082s] -- Installing: /home/cful/Desktop/zkhl_play_phone/install/base_interfaces_demo/include/base_interfaces_demo/base_interfaces_demo/msg/rosidl_typesupport_fastrtps_c__visibility_control.h
[1.082s] -- Installing: /home/cful/Desktop/zkhl_play_phone/install/base_interfaces_demo/lib/libbase_interfaces_demo__rosidl_typesupport_fastrtps_c.so
[1.082s] -- Set runtime path of "/home/cful/Desktop/zkhl_play_phone/install/base_interfaces_demo/lib/libbase_interfaces_demo__rosidl_typesupport_fastrtps_c.so" to ""
[1.082s] -- Up-to-date: /home/cful/Desktop/zkhl_play_phone/install/base_interfaces_demo/include/base_interfaces_demo/base_interfaces_demo
[1.082s] -- Up-to-date: /home/cful/Desktop/zkhl_play_phone/install/base_interfaces_demo/include/base_interfaces_demo/base_interfaces_demo/srv
[1.082s] -- Up-to-date: /home/cful/Desktop/zkhl_play_phone/install/base_interfaces_demo/include/base_interfaces_demo/base_interfaces_demo/srv/detail
[1.082s] -- Installing: /home/cful/Desktop/zkhl_play_phone/install/base_interfaces_demo/include/base_interfaces_demo/base_interfaces_demo/srv/detail/addstring__type_support.c
[1.083s] -- Installing: /home/cful/Desktop/zkhl_play_phone/install/base_interfaces_demo/include/base_interfaces_demo/base_interfaces_demo/srv/detail/addstring__rosidl_typesupport_introspection_c.h
[1.083s] -- Up-to-date: /home/cful/Desktop/zkhl_play_phone/install/base_interfaces_demo/include/base_interfaces_demo/base_interfaces_demo/msg
[1.083s] -- Installing: /home/cful/Desktop/zkhl_play_phone/install/base_interfaces_demo/include/base_interfaces_demo/base_interfaces_demo/msg/rosidl_typesupport_introspection_c__visibility_control.h
[1.083s] -- Installing: /home/cful/Desktop/zkhl_play_phone/install/base_interfaces_demo/lib/libbase_interfaces_demo__rosidl_typesupport_introspection_c.so
[1.083s] -- Set runtime path of "/home/cful/Desktop/zkhl_play_phone/install/base_interfaces_demo/lib/libbase_interfaces_demo__rosidl_typesupport_introspection_c.so" to ""
[1.083s] -- Installing: /home/cful/Desktop/zkhl_play_phone/install/base_interfaces_demo/lib/libbase_interfaces_demo__rosidl_typesupport_c.so
[1.083s] -- Set runtime path of "/home/cful/Desktop/zkhl_play_phone/install/base_interfaces_demo/lib/libbase_interfaces_demo__rosidl_typesupport_c.so" to ""
[1.083s] -- Up-to-date: /home/cful/Desktop/zkhl_play_phone/install/base_interfaces_demo/include/base_interfaces_demo/base_interfaces_demo
[1.083s] -- Up-to-date: /home/cful/Desktop/zkhl_play_phone/install/base_interfaces_demo/include/base_interfaces_demo/base_interfaces_demo/srv
[1.083s] -- Up-to-date: /home/cful/Desktop/zkhl_play_phone/install/base_interfaces_demo/include/base_interfaces_demo/base_interfaces_demo/srv/detail
[1.083s] -- Installing: /home/cful/Desktop/zkhl_play_phone/install/base_interfaces_demo/include/base_interfaces_demo/base_interfaces_demo/srv/detail/addstring__struct.hpp
[1.083s] -- Installing: /home/cful/Desktop/zkhl_play_phone/install/base_interfaces_demo/include/base_interfaces_demo/base_interfaces_demo/srv/detail/addstring__traits.hpp
[1.083s] -- Installing: /home/cful/Desktop/zkhl_play_phone/install/base_interfaces_demo/include/base_interfaces_demo/base_interfaces_demo/srv/detail/addstring__builder.hpp
[1.083s] -- Installing: /home/cful/Desktop/zkhl_play_phone/install/base_interfaces_demo/include/base_interfaces_demo/base_interfaces_demo/srv/addstring.hpp
[1.084s] -- Up-to-date: /home/cful/Desktop/zkhl_play_phone/install/base_interfaces_demo/include/base_interfaces_demo/base_interfaces_demo
[1.084s] -- Up-to-date: /home/cful/Desktop/zkhl_play_phone/install/base_interfaces_demo/include/base_interfaces_demo/base_interfaces_demo/srv
[1.084s] -- Up-to-date: /home/cful/Desktop/zkhl_play_phone/install/base_interfaces_demo/include/base_interfaces_demo/base_interfaces_demo/srv/detail
[1.084s] -- Installing: /home/cful/Desktop/zkhl_play_phone/install/base_interfaces_demo/include/base_interfaces_demo/base_interfaces_demo/srv/detail/addstring__rosidl_typesupport_fastrtps_cpp.hpp
[1.084s] -- Installing: /home/cful/Desktop/zkhl_play_phone/install/base_interfaces_demo/include/base_interfaces_demo/base_interfaces_demo/srv/detail/dds_fastrtps
[1.084s] -- Up-to-date: /home/cful/Desktop/zkhl_play_phone/install/base_interfaces_demo/include/base_interfaces_demo/base_interfaces_demo/msg
[1.084s] -- Installing: /home/cful/Desktop/zkhl_play_phone/install/base_interfaces_demo/include/base_interfaces_demo/base_interfaces_demo/msg/rosidl_typesupport_fastrtps_cpp__visibility_control.h
[1.084s] -- Installing: /home/cful/Desktop/zkhl_play_phone/install/base_interfaces_demo/lib/libbase_interfaces_demo__rosidl_typesupport_fastrtps_cpp.so
[1.084s] -- Set runtime path of "/home/cful/Desktop/zkhl_play_phone/install/base_interfaces_demo/lib/libbase_interfaces_demo__rosidl_typesupport_fastrtps_cpp.so" to ""
[1.084s] -- Up-to-date: /home/cful/Desktop/zkhl_play_phone/install/base_interfaces_demo/include/base_interfaces_demo/base_interfaces_demo
[1.084s] -- Up-to-date: /home/cful/Desktop/zkhl_play_phone/install/base_interfaces_demo/include/base_interfaces_demo/base_interfaces_demo/srv
[1.084s] -- Up-to-date: /home/cful/Desktop/zkhl_play_phone/install/base_interfaces_demo/include/base_interfaces_demo/base_interfaces_demo/srv/detail
[1.084s] -- Installing: /home/cful/Desktop/zkhl_play_phone/install/base_interfaces_demo/include/base_interfaces_demo/base_interfaces_demo/srv/detail/addstring__rosidl_typesupport_introspection_cpp.hpp
[1.084s] -- Installing: /home/cful/Desktop/zkhl_play_phone/install/base_interfaces_demo/include/base_interfaces_demo/base_interfaces_demo/srv/detail/addstring__type_support.cpp
[1.084s] -- Installing: /home/cful/Desktop/zkhl_play_phone/install/base_interfaces_demo/lib/libbase_interfaces_demo__rosidl_typesupport_introspection_cpp.so
[1.085s] -- Set runtime path of "/home/cful/Desktop/zkhl_play_phone/install/base_interfaces_demo/lib/libbase_interfaces_demo__rosidl_typesupport_introspection_cpp.so" to ""
[1.085s] -- Installing: /home/cful/Desktop/zkhl_play_phone/install/base_interfaces_demo/lib/libbase_interfaces_demo__rosidl_typesupport_cpp.so
[1.085s] -- Set runtime path of "/home/cful/Desktop/zkhl_play_phone/install/base_interfaces_demo/lib/libbase_interfaces_demo__rosidl_typesupport_cpp.so" to ""
[1.085s] -- Installing: /home/cful/Desktop/zkhl_play_phone/install/base_interfaces_demo/share/base_interfaces_demo/environment/pythonpath.sh
[1.085s] -- Installing: /home/cful/Desktop/zkhl_play_phone/install/base_interfaces_demo/share/base_interfaces_demo/environment/pythonpath.dsv
[1.085s] -- Installing: /home/cful/Desktop/zkhl_play_phone/install/base_interfaces_demo/lib/python3.10/site-packages/base_interfaces_demo-0.0.0-py3.10.egg-info
[1.085s] -- Installing: /home/cful/Desktop/zkhl_play_phone/install/base_interfaces_demo/lib/python3.10/site-packages/base_interfaces_demo-0.0.0-py3.10.egg-info/PKG-INFO
[1.085s] -- Installing: /home/cful/Desktop/zkhl_play_phone/install/base_interfaces_demo/lib/python3.10/site-packages/base_interfaces_demo-0.0.0-py3.10.egg-info/dependency_links.txt
[1.085s] -- Installing: /home/cful/Desktop/zkhl_play_phone/install/base_interfaces_demo/lib/python3.10/site-packages/base_interfaces_demo-0.0.0-py3.10.egg-info/top_level.txt
[1.085s] -- Installing: /home/cful/Desktop/zkhl_play_phone/install/base_interfaces_demo/lib/python3.10/site-packages/base_interfaces_demo-0.0.0-py3.10.egg-info/SOURCES.txt
[1.085s] -- Installing: /home/cful/Desktop/zkhl_play_phone/install/base_interfaces_demo/lib/python3.10/site-packages/base_interfaces_demo
[1.086s] -- Installing: /home/cful/Desktop/zkhl_play_phone/install/base_interfaces_demo/lib/python3.10/site-packages/base_interfaces_demo/_base_interfaces_demo_s.ep.rosidl_typesupport_c.c
[1.086s] -- Installing: /home/cful/Desktop/zkhl_play_phone/install/base_interfaces_demo/lib/python3.10/site-packages/base_interfaces_demo/srv
[1.086s] -- Installing: /home/cful/Desktop/zkhl_play_phone/install/base_interfaces_demo/lib/python3.10/site-packages/base_interfaces_demo/srv/_addstring_s.c
[1.086s] -- Installing: /home/cful/Desktop/zkhl_play_phone/install/base_interfaces_demo/lib/python3.10/site-packages/base_interfaces_demo/srv/_addstring.py
[1.086s] -- Installing: /home/cful/Desktop/zkhl_play_phone/install/base_interfaces_demo/lib/python3.10/site-packages/base_interfaces_demo/srv/__init__.py
[1.086s] -- Installing: /home/cful/Desktop/zkhl_play_phone/install/base_interfaces_demo/lib/python3.10/site-packages/base_interfaces_demo/base_interfaces_demo_s__rosidl_typesupport_fastrtps_c.cpython-310-x86_64-linux-gnu.so
[1.086s] -- Installing: /home/cful/Desktop/zkhl_play_phone/install/base_interfaces_demo/lib/python3.10/site-packages/base_interfaces_demo/_base_interfaces_demo_s.ep.rosidl_typesupport_fastrtps_c.c
[1.086s] -- Installing: /home/cful/Desktop/zkhl_play_phone/install/base_interfaces_demo/lib/python3.10/site-packages/base_interfaces_demo/base_interfaces_demo_s__rosidl_typesupport_introspection_c.cpython-310-x86_64-linux-gnu.so
[1.086s] -- Installing: /home/cful/Desktop/zkhl_play_phone/install/base_interfaces_demo/lib/python3.10/site-packages/base_interfaces_demo/__init__.py
[1.086s] -- Installing: /home/cful/Desktop/zkhl_play_phone/install/base_interfaces_demo/lib/python3.10/site-packages/base_interfaces_demo/base_interfaces_demo_s__rosidl_typesupport_c.cpython-310-x86_64-linux-gnu.so
[1.086s] -- Installing: /home/cful/Desktop/zkhl_play_phone/install/base_interfaces_demo/lib/python3.10/site-packages/base_interfaces_demo/_base_interfaces_demo_s.ep.rosidl_typesupport_introspection_c.c
[1.086s] -- Installing: /home/cful/Desktop/zkhl_play_phone/install/base_interfaces_demo/lib/python3.10/site-packages/base_interfaces_demo/libbase_interfaces_demo__rosidl_generator_py.so
[1.103s] Listing '/home/cful/Desktop/zkhl_play_phone/install/base_interfaces_demo/lib/python3.10/site-packages/base_interfaces_demo'...
[1.103s] Compiling '/home/cful/Desktop/zkhl_play_phone/install/base_interfaces_demo/lib/python3.10/site-packages/base_interfaces_demo/__init__.py'...
[1.103s] Listing '/home/cful/Desktop/zkhl_play_phone/install/base_interfaces_demo/lib/python3.10/site-packages/base_interfaces_demo/srv'...
[1.103s] Compiling '/home/cful/Desktop/zkhl_play_phone/install/base_interfaces_demo/lib/python3.10/site-packages/base_interfaces_demo/srv/__init__.py'...
[1.103s] Compiling '/home/cful/Desktop/zkhl_play_phone/install/base_interfaces_demo/lib/python3.10/site-packages/base_interfaces_demo/srv/_addstring.py'...
[1.105s] -- Installing: /home/cful/Desktop/zkhl_play_phone/install/base_interfaces_demo/lib/python3.10/site-packages/base_interfaces_demo/base_interfaces_demo_s__rosidl_typesupport_fastrtps_c.cpython-310-x86_64-linux-gnu.so
[1.106s] -- Set runtime path of "/home/cful/Desktop/zkhl_play_phone/install/base_interfaces_demo/lib/python3.10/site-packages/base_interfaces_demo/base_interfaces_demo_s__rosidl_typesupport_fastrtps_c.cpython-310-x86_64-linux-gnu.so" to ""
[1.106s] -- Installing: /home/cful/Desktop/zkhl_play_phone/install/base_interfaces_demo/lib/python3.10/site-packages/base_interfaces_demo/base_interfaces_demo_s__rosidl_typesupport_introspection_c.cpython-310-x86_64-linux-gnu.so
[1.106s] -- Set runtime path of "/home/cful/Desktop/zkhl_play_phone/install/base_interfaces_demo/lib/python3.10/site-packages/base_interfaces_demo/base_interfaces_demo_s__rosidl_typesupport_introspection_c.cpython-310-x86_64-linux-gnu.so" to ""
[1.106s] -- Installing: /home/cful/Desktop/zkhl_play_phone/install/base_interfaces_demo/lib/python3.10/site-packages/base_interfaces_demo/base_interfaces_demo_s__rosidl_typesupport_c.cpython-310-x86_64-linux-gnu.so
[1.106s] -- Set runtime path of "/home/cful/Desktop/zkhl_play_phone/install/base_interfaces_demo/lib/python3.10/site-packages/base_interfaces_demo/base_interfaces_demo_s__rosidl_typesupport_c.cpython-310-x86_64-linux-gnu.so" to ""
[1.107s] -- Installing: /home/cful/Desktop/zkhl_play_phone/install/base_interfaces_demo/lib/libbase_interfaces_demo__rosidl_generator_py.so
[1.107s] -- Set runtime path of "/home/cful/Desktop/zkhl_play_phone/install/base_interfaces_demo/lib/libbase_interfaces_demo__rosidl_generator_py.so" to ""
[1.107s] -- Installing: /home/cful/Desktop/zkhl_play_phone/install/base_interfaces_demo/share/base_interfaces_demo/srv/Addstring.idl
[1.107s] -- Installing: /home/cful/Desktop/zkhl_play_phone/install/base_interfaces_demo/share/base_interfaces_demo/srv/Addstring.srv
[1.107s] -- Installing: /home/cful/Desktop/zkhl_play_phone/install/base_interfaces_demo/share/base_interfaces_demo/srv/Addstring_Request.msg
[1.107s] -- Installing: /home/cful/Desktop/zkhl_play_phone/install/base_interfaces_demo/share/base_interfaces_demo/srv/Addstring_Response.msg
[1.107s] -- Installing: /home/cful/Desktop/zkhl_play_phone/install/base_interfaces_demo/share/ament_index/resource_index/package_run_dependencies/base_interfaces_demo
[1.107s] -- Installing: /home/cful/Desktop/zkhl_play_phone/install/base_interfaces_demo/share/ament_index/resource_index/parent_prefix_path/base_interfaces_demo
[1.107s] -- Installing: /home/cful/Desktop/zkhl_play_phone/install/base_interfaces_demo/share/base_interfaces_demo/environment/ament_prefix_path.sh
[1.107s] -- Installing: /home/cful/Desktop/zkhl_play_phone/install/base_interfaces_demo/share/base_interfaces_demo/environment/ament_prefix_path.dsv
[1.107s] -- Installing: /home/cful/Desktop/zkhl_play_phone/install/base_interfaces_demo/share/base_interfaces_demo/environment/path.sh
[1.107s] -- Installing: /home/cful/Desktop/zkhl_play_phone/install/base_interfaces_demo/share/base_interfaces_demo/environment/path.dsv
[1.108s] -- Installing: /home/cful/Desktop/zkhl_play_phone/install/base_interfaces_demo/share/base_interfaces_demo/local_setup.bash
[1.108s] -- Installing: /home/cful/Desktop/zkhl_play_phone/install/base_interfaces_demo/share/base_interfaces_demo/local_setup.sh
[1.108s] -- Installing: /home/cful/Desktop/zkhl_play_phone/install/base_interfaces_demo/share/base_interfaces_demo/local_setup.zsh
[1.108s] -- Installing: /home/cful/Desktop/zkhl_play_phone/install/base_interfaces_demo/share/base_interfaces_demo/local_setup.dsv
[1.108s] -- Up-to-date: /home/cful/Desktop/zkhl_play_phone/install/base_interfaces_demo/share/base_interfaces_demo/package.dsv
[1.108s] -- Installing: /home/cful/Desktop/zkhl_play_phone/install/base_interfaces_demo/share/ament_index/resource_index/packages/base_interfaces_demo
[1.108s] -- Installing: /home/cful/Desktop/zkhl_play_phone/install/base_interfaces_demo/share/base_interfaces_demo/cmake/export_base_interfaces_demo__rosidl_generator_cExport.cmake
[1.108s] -- Installing: /home/cful/Desktop/zkhl_play_phone/install/base_interfaces_demo/share/base_interfaces_demo/cmake/export_base_interfaces_demo__rosidl_generator_cExport-noconfig.cmake
[1.108s] -- Installing: /home/cful/Desktop/zkhl_play_phone/install/base_interfaces_demo/share/base_interfaces_demo/cmake/export_base_interfaces_demo__rosidl_typesupport_fastrtps_cExport.cmake
[1.108s] -- Installing: /home/cful/Desktop/zkhl_play_phone/install/base_interfaces_demo/share/base_interfaces_demo/cmake/export_base_interfaces_demo__rosidl_typesupport_fastrtps_cExport-noconfig.cmake
[1.108s] -- Installing: /home/cful/Desktop/zkhl_play_phone/install/base_interfaces_demo/share/base_interfaces_demo/cmake/base_interfaces_demo__rosidl_typesupport_introspection_cExport.cmake
[1.108s] -- Installing: /home/cful/Desktop/zkhl_play_phone/install/base_interfaces_demo/share/base_interfaces_demo/cmake/base_interfaces_demo__rosidl_typesupport_introspection_cExport-noconfig.cmake
[1.109s] -- Installing: /home/cful/Desktop/zkhl_play_phone/install/base_interfaces_demo/share/base_interfaces_demo/cmake/base_interfaces_demo__rosidl_typesupport_cExport.cmake
[1.109s] -- Installing: /home/cful/Desktop/zkhl_play_phone/install/base_interfaces_demo/share/base_interfaces_demo/cmake/base_interfaces_demo__rosidl_typesupport_cExport-noconfig.cmake
[1.109s] -- Installing: /home/cful/Desktop/zkhl_play_phone/install/base_interfaces_demo/share/base_interfaces_demo/cmake/export_base_interfaces_demo__rosidl_generator_cppExport.cmake
[1.109s] -- Installing: /home/cful/Desktop/zkhl_play_phone/install/base_interfaces_demo/share/base_interfaces_demo/cmake/export_base_interfaces_demo__rosidl_typesupport_fastrtps_cppExport.cmake
[1.109s] -- Installing: /home/cful/Desktop/zkhl_play_phone/install/base_interfaces_demo/share/base_interfaces_demo/cmake/export_base_interfaces_demo__rosidl_typesupport_fastrtps_cppExport-noconfig.cmake
[1.109s] -- Installing: /home/cful/Desktop/zkhl_play_phone/install/base_interfaces_demo/share/base_interfaces_demo/cmake/base_interfaces_demo__rosidl_typesupport_introspection_cppExport.cmake
[1.109s] -- Installing: /home/cful/Desktop/zkhl_play_phone/install/base_interfaces_demo/share/base_interfaces_demo/cmake/base_interfaces_demo__rosidl_typesupport_introspection_cppExport-noconfig.cmake
[1.110s] -- Installing: /home/cful/Desktop/zkhl_play_phone/install/base_interfaces_demo/share/base_interfaces_demo/cmake/base_interfaces_demo__rosidl_typesupport_cppExport.cmake
[1.110s] -- Installing: /home/cful/Desktop/zkhl_play_phone/install/base_interfaces_demo/share/base_interfaces_demo/cmake/base_interfaces_demo__rosidl_typesupport_cppExport-noconfig.cmake
[1.110s] -- Installing: /home/cful/Desktop/zkhl_play_phone/install/base_interfaces_demo/share/base_interfaces_demo/cmake/export_base_interfaces_demo__rosidl_generator_pyExport.cmake
[1.110s] -- Installing: /home/cful/Desktop/zkhl_play_phone/install/base_interfaces_demo/share/base_interfaces_demo/cmake/export_base_interfaces_demo__rosidl_generator_pyExport-noconfig.cmake
[1.110s] -- Installing: /home/cful/Desktop/zkhl_play_phone/install/base_interfaces_demo/share/base_interfaces_demo/cmake/rosidl_cmake-extras.cmake
[1.110s] -- Installing: /home/cful/Desktop/zkhl_play_phone/install/base_interfaces_demo/share/base_interfaces_demo/cmake/ament_cmake_export_include_directories-extras.cmake
[1.110s] -- Installing: /home/cful/Desktop/zkhl_play_phone/install/base_interfaces_demo/share/base_interfaces_demo/cmake/ament_cmake_export_libraries-extras.cmake
[1.110s] -- Installing: /home/cful/Desktop/zkhl_play_phone/install/base_interfaces_demo/share/base_interfaces_demo/cmake/ament_cmake_export_targets-extras.cmake
[1.110s] -- Installing: /home/cful/Desktop/zkhl_play_phone/install/base_interfaces_demo/share/base_interfaces_demo/cmake/rosidl_cmake_export_typesupport_targets-extras.cmake
[1.110s] -- Installing: /home/cful/Desktop/zkhl_play_phone/install/base_interfaces_demo/share/base_interfaces_demo/cmake/ament_cmake_export_dependencies-extras.cmake
[1.110s] -- Installing: /home/cful/Desktop/zkhl_play_phone/install/base_interfaces_demo/share/base_interfaces_demo/cmake/rosidl_cmake_export_typesupport_libraries-extras.cmake
[1.110s] -- Installing: /home/cful/Desktop/zkhl_play_phone/install/base_interfaces_demo/share/base_interfaces_demo/cmake/base_interfaces_demoConfig.cmake
[1.110s] -- Installing: /home/cful/Desktop/zkhl_play_phone/install/base_interfaces_demo/share/base_interfaces_demo/cmake/base_interfaces_demoConfig-version.cmake
[1.110s] -- Installing: /home/cful/Desktop/zkhl_play_phone/install/base_interfaces_demo/share/base_interfaces_demo/package.xml
[1.112s] Invoked command in '/home/cful/Desktop/zkhl_play_phone/build/base_interfaces_demo' returned '0': CMAKE_PREFIX_PATH=${CMAKE_PREFIX_PATH}:/home/cful/Desktop/zkhl_play_phone/install/play_phone:/home/cful/Desktop/ros2_learn_ws/install/py_topic:/opt/ros/humble CONDA_PROMPT_MODIFIER=(base) /usr/bin/cmake --install /home/cful/Desktop/zkhl_play_phone/build/base_interfaces_demo
