running egg_info
creating ../../build/play_phone/play_phone.egg-info
writing ../../build/play_phone/play_phone.egg-info/PKG-INFO
writing dependency_links to ../../build/play_phone/play_phone.egg-info/dependency_links.txt
writing entry points to ../../build/play_phone/play_phone.egg-info/entry_points.txt
writing requirements to ../../build/play_phone/play_phone.egg-info/requires.txt
writing top-level names to ../../build/play_phone/play_phone.egg-info/top_level.txt
writing manifest file '../../build/play_phone/play_phone.egg-info/SOURCES.txt'
reading manifest file '../../build/play_phone/play_phone.egg-info/SOURCES.txt'
writing manifest file '../../build/play_phone/play_phone.egg-info/SOURCES.txt'
running build
running build_py
creating /home/cful/Desktop/zkhl_play_phone/build/play_phone/build
creating /home/cful/Desktop/zkhl_play_phone/build/play_phone/build/lib
creating /home/cful/Desktop/zkhl_play_phone/build/play_phone/build/lib/play_phone
copying play_phone/zkhl_play_phone.py -> /home/cful/Desktop/zkhl_play_phone/build/play_phone/build/lib/play_phone
copying play_phone/__init__.py -> /home/cful/Desktop/zkhl_play_phone/build/play_phone/build/lib/play_phone
running install
running install_lib
creating /home/cful/Desktop/zkhl_play_phone/install/play_phone/lib/python3.10/site-packages/play_phone
copying /home/cful/Desktop/zkhl_play_phone/build/play_phone/build/lib/play_phone/zkhl_play_phone.py -> /home/cful/Desktop/zkhl_play_phone/install/play_phone/lib/python3.10/site-packages/play_phone
copying /home/cful/Desktop/zkhl_play_phone/build/play_phone/build/lib/play_phone/__init__.py -> /home/cful/Desktop/zkhl_play_phone/install/play_phone/lib/python3.10/site-packages/play_phone
byte-compiling /home/cful/Desktop/zkhl_play_phone/install/play_phone/lib/python3.10/site-packages/play_phone/zkhl_play_phone.py to zkhl_play_phone.cpython-310.pyc
byte-compiling /home/cful/Desktop/zkhl_play_phone/install/play_phone/lib/python3.10/site-packages/play_phone/__init__.py to __init__.cpython-310.pyc
running install_data
creating /home/cful/Desktop/zkhl_play_phone/install/play_phone/share/ament_index
creating /home/cful/Desktop/zkhl_play_phone/install/play_phone/share/ament_index/resource_index
creating /home/cful/Desktop/zkhl_play_phone/install/play_phone/share/ament_index/resource_index/packages
copying resource/play_phone -> /home/cful/Desktop/zkhl_play_phone/install/play_phone/share/ament_index/resource_index/packages
copying package.xml -> /home/cful/Desktop/zkhl_play_phone/install/play_phone/share/play_phone
running install_egg_info
Copying ../../build/play_phone/play_phone.egg-info to /home/cful/Desktop/zkhl_play_phone/install/play_phone/lib/python3.10/site-packages/play_phone-0.0.0-py3.10.egg-info
running install_scripts
Installing zkhl_play_phone script to /home/cful/Desktop/zkhl_play_phone/install/play_phone/lib/play_phone
writing list of installed files to '/home/cful/Desktop/zkhl_play_phone/build/play_phone/install.log'
