[0.006s] Invoking command in '/home/cful/Desktop/zkhl_play_phone/build/base_interfaces_demo': CMAKE_PREFIX_PATH=${CMAKE_PREFIX_PATH}:/home/cful/Desktop/zkhl_play_phone/install/play_phone:/home/cful/Desktop/ros2_learn_ws/install/py_topic:/opt/ros/humble CONDA_PROMPT_MODIFIER=(base) /usr/bin/cmake /home/cful/Desktop/zkhl_play_phone/src/base_interfaces_demo -DCMAKE_INSTALL_PREFIX=/home/cful/Desktop/zkhl_play_phone/install/base_interfaces_demo
[0.044s] -- The C compiler identification is GNU 9.5.0
[0.074s] -- The CXX compiler identification is GNU 9.5.0
[0.078s] -- Detecting C compiler ABI info
[0.129s] -- Detecting C compiler ABI info - done
[0.132s] -- Check for working C compiler: /usr/bin/cc - skipped
[0.132s] -- Detecting C compile features
[0.132s] -- Detecting C compile features - done
[0.134s] -- Detecting CXX compiler ABI info
[0.182s] -- Detecting CXX compiler ABI info - done
[0.186s] -- Check for working CXX compiler: /usr/bin/c++ - skipped
[0.186s] -- Detecting CXX compile features
[0.186s] -- Detecting CXX compile features - done
[0.188s] -- Found ament_cmake: 1.3.10 (/opt/ros/humble/share/ament_cmake/cmake)
[0.377s] -- Found Python3: /home/cful/miniconda3/bin/python3 (found version "3.10.14") found components: Interpreter 
[0.424s] -- Found rosidl_default_generators: 1.2.0 (/opt/ros/humble/share/rosidl_default_generators/cmake)
[0.425s] -- Using all available rosidl_typesupport_c: rosidl_typesupport_fastrtps_c;rosidl_typesupport_introspection_c
[0.429s] -- Found rosidl_adapter: 3.1.5 (/opt/ros/humble/share/rosidl_adapter/cmake)
[0.449s] -- Using all available rosidl_typesupport_cpp: rosidl_typesupport_fastrtps_cpp;rosidl_typesupport_introspection_cpp
[0.600s] -- Found ament_cmake_ros: 0.10.0 (/opt/ros/humble/share/ament_cmake_ros/cmake)
[0.703s] -- Using all available rosidl_typesupport_c: rosidl_typesupport_fastrtps_c;rosidl_typesupport_introspection_c
[0.840s] -- Using all available rosidl_typesupport_cpp: rosidl_typesupport_fastrtps_cpp;rosidl_typesupport_introspection_cpp
[0.853s] -- Found PythonInterp: /home/cful/miniconda3/bin/python3 (found suitable version "3.10.14", minimum required is "3.6") 
[0.854s] -- Found python_cmake_module: 0.10.0 (/opt/ros/humble/share/python_cmake_module/cmake)
[0.867s] -- Found PythonLibs: /home/cful/miniconda3/lib/libpython3.10.so (found suitable version "3.10.14", minimum required is "3.5") 
[0.867s] -- Using PYTHON_EXECUTABLE: /home/cful/miniconda3/bin/python3
[0.867s] -- Using PYTHON_INCLUDE_DIRS: /home/cful/miniconda3/include/python3.10
[0.867s] -- Using PYTHON_LIBRARIES: /home/cful/miniconda3/lib/libpython3.10.so
[0.877s] -- Found PythonExtra: .so  
[0.903s] Traceback (most recent call last):
[0.903s]   File "<string>", line 1, in <module>
[0.903s] ModuleNotFoundError: No module named 'numpy'
[0.904s] [31mCMake Error at /opt/ros/humble/share/rosidl_generator_py/cmake/rosidl_generator_py_generate_interfaces.cmake:204 (message):
[0.904s]   execute_process(/home/cful/miniconda3/bin/python3 -c 'import
[0.904s]   numpy;print(numpy.get_include())') returned error code 1
[0.904s] Call Stack (most recent call first):
[0.904s]   /opt/ros/humble/share/ament_cmake_core/cmake/core/ament_execute_extensions.cmake:48 (include)
[0.905s]   /opt/ros/humble/share/rosidl_cmake/cmake/rosidl_generate_interfaces.cmake:286 (ament_execute_extensions)
[0.905s]   CMakeLists.txt:12 (rosidl_generate_interfaces)
[0.905s] 
[0.905s] [0m
[0.905s] -- Configuring incomplete, errors occurred!
[0.905s] See also "/home/cful/Desktop/zkhl_play_phone/build/base_interfaces_demo/CMakeFiles/CMakeOutput.log".
[0.908s] Invoked command in '/home/cful/Desktop/zkhl_play_phone/build/base_interfaces_demo' returned '1': CMAKE_PREFIX_PATH=${CMAKE_PREFIX_PATH}:/home/cful/Desktop/zkhl_play_phone/install/play_phone:/home/cful/Desktop/ros2_learn_ws/install/py_topic:/opt/ros/humble CONDA_PROMPT_MODIFIER=(base) /usr/bin/cmake /home/cful/Desktop/zkhl_play_phone/src/base_interfaces_demo -DCMAKE_INSTALL_PREFIX=/home/cful/Desktop/zkhl_play_phone/install/base_interfaces_demo
